# JRE version: Java(TM) SE Runtime Environment (8.0_201-b09) (build 1.8.0_201-b09)
# Java VM: Java HotSpot(TM) 64-Bit Server VM (25.201-b09 mixed mode windows-amd64 compressed oops)
Heap:
 PSYoungGen      total 72192K, used 61930K [0x00000000ebd00000, 0x00000000f1000000, 0x0000000100000000)
  eden space 62464K, 85% used [0x00000000ebd00000,0x00000000ef116738,0x00000000efa00000)
  from space 9728K, 88% used [0x00000000f0480000,0x00000000f0ce4438,0x00000000f0e00000)
  to   space 10752K, 0% used [0x00000000efa00000,0x00000000efa00000,0x00000000f0480000)
 ParOldGen       total 42496K, used 15413K [0x00000000c3600000, 0x00000000c5f80000, 0x00000000ebd00000)
  object space 42496K, 36% used [0x00000000c3600000,0x00000000c450d550,0x00000000c5f80000)
 Metaspace       used 20516K, capacity 20712K, committed 20992K, reserved 1067008K
  class space    used 2651K, capacity 2710K, committed 2816K, reserved 1048576K
GC Heap History (10 events):
Event: 0.714 GC heap before
{Heap before GC invocations=2 (full 0):
 PSYoungGen      total 18432K, used 18429K [0x00000000ebd00000, 0x00000000ed180000, 0x0000000100000000)
  eden space 15872K, 100% used [0x00000000ebd00000,0x00000000ecc80000,0x00000000ecc80000)
  from space 2560K, 99% used [0x00000000ecc80000,0x00000000eceff708,0x00000000ecf00000)
  to   space 2560K, 0% used [0x00000000ecf00000,0x00000000ecf00000,0x00000000ed180000)
 ParOldGen       total 42496K, used 439K [0x00000000c3600000, 0x00000000c5f80000, 0x00000000ebd00000)
  object space 42496K, 1% used [0x00000000c3600000,0x00000000c366dc78,0x00000000c5f80000)
 Metaspace       used 5444K, capacity 5526K, committed 5760K, reserved 1056768K
  class space    used 619K, capacity 627K, committed 640K, reserved 1048576K
Event: 0.720 GC heap after
Heap after GC invocations=2 (full 0):
 PSYoungGen      total 18432K, used 2549K [0x00000000ebd00000, 0x00000000ee100000, 0x0000000100000000)
  eden space 15872K, 0% used [0x00000000ebd00000,0x00000000ebd00000,0x00000000ecc80000)
  from space 2560K, 99% used [0x00000000ecf00000,0x00000000ed17d478,0x00000000ed180000)
  to   space 2560K, 0% used [0x00000000ecc80000,0x00000000ecc80000,0x00000000ecf00000)
 ParOldGen       total 42496K, used 2950K [0x00000000c3600000, 0x00000000c5f80000, 0x00000000ebd00000)
  object space 42496K, 6% used [0x00000000c3600000,0x00000000c38e1940,0x00000000c5f80000)
 Metaspace       used 5444K, capacity 5526K, committed 5760K, reserved 1056768K
  class space    used 619K, capacity 627K, committed 640K, reserved 1048576K
}
Event: 1.005 GC heap before
{Heap before GC invocations=3 (full 0):
 PSYoungGen      total 18432K, used 18421K [0x00000000ebd00000, 0x00000000ee100000, 0x0000000100000000)
  eden space 15872K, 100% used [0x00000000ebd00000,0x00000000ecc80000,0x00000000ecc80000)
  from space 2560K, 99% used [0x00000000ecf00000,0x00000000ed17d478,0x00000000ed180000)
  to   space 2560K, 0% used [0x00000000ecc80000,0x00000000ecc80000,0x00000000ecf00000)
 ParOldGen       total 42496K, used 2950K [0x00000000c3600000, 0x00000000c5f80000, 0x00000000ebd00000)
  object space 42496K, 6% used [0x00000000c3600000,0x00000000c38e1940,0x00000000c5f80000)
 Metaspace       used 6963K, capacity 7042K, committed 7296K, reserved 1056768K
  class space    used 815K, capacity 853K, committed 896K, reserved 1048576K
Event: 1.013 GC heap after
Heap after GC invocations=3 (full 0):
 PSYoungGen      total 18432K, used 2548K [0x00000000ebd00000, 0x00000000ee100000, 0x0000000100000000)
  eden space 15872K, 0% used [0x00000000ebd00000,0x00000000ebd00000,0x00000000ecc80000)
  from space 2560K, 99% used [0x00000000ecc80000,0x00000000ecefd198,0x00000000ecf00000)
  to   space 2560K, 0% used [0x00000000ede80000,0x00000000ede80000,0x00000000ee100000)
 ParOldGen       total 42496K, used 5823K [0x00000000c3600000, 0x00000000c5f80000, 0x00000000ebd00000)
  object space 42496K, 13% used [0x00000000c3600000,0x00000000c3bafd80,0x00000000c5f80000)
 Metaspace       used 6963K, capacity 7042K, committed 7296K, reserved 1056768K
  class space    used 815K, capacity 853K, committed 896K, reserved 1048576K
}
Event: 1.215 GC heap before
{Heap before GC invocations=4 (full 0):
 PSYoungGen      total 18432K, used 18420K [0x00000000ebd00000, 0x00000000ee100000, 0x0000000100000000)
  eden space 15872K, 100% used [0x00000000ebd00000,0x00000000ecc80000,0x00000000ecc80000)
  from space 2560K, 99% used [0x00000000ecc80000,0x00000000ecefd198,0x00000000ecf00000)
  to   space 2560K, 0% used [0x00000000ede80000,0x00000000ede80000,0x00000000ee100000)
 ParOldGen       total 42496K, used 5823K [0x00000000c3600000, 0x00000000c5f80000, 0x00000000ebd00000)
  object space 42496K, 13% used [0x00000000c3600000,0x00000000c3bafd80,0x00000000c5f80000)
 Metaspace       used 8353K, capacity 8386K, committed 8576K, reserved 1056768K
  class space    used 1034K, capacity 1045K, committed 1152K, reserved 1048576K
Event: 1.226 GC heap after
Heap after GC invocations=4 (full 0):
 PSYoungGen      total 34304K, used 2541K [0x00000000ebd00000, 0x00000000ee100000, 0x0000000100000000)
  eden space 31744K, 0% used [0x00000000ebd00000,0x00000000ebd00000,0x00000000edc00000)
  from space 2560K, 99% used [0x00000000ede80000,0x00000000ee0fb5b0,0x00000000ee100000)
  to   space 2560K, 0% used [0x00000000edc00000,0x00000000edc00000,0x00000000ede80000)
 ParOldGen       total 42496K, used 9439K [0x00000000c3600000, 0x00000000c5f80000, 0x00000000ebd00000)
  object space 42496K, 22% used [0x00000000c3600000,0x00000000c3f37e50,0x00000000c5f80000)
 Metaspace       used 8353K, capacity 8386K, committed 8576K, reserved 1056768K
  class space    used 1034K, capacity 1045K, committed 1152K, reserved 1048576K
}
Event: 1.706 GC heap before
{Heap before GC invocations=5 (full 0):
 PSYoungGen      total 34304K, used 34285K [0x00000000ebd00000, 0x00000000ee100000, 0x0000000100000000)
  eden space 31744K, 100% used [0x00000000ebd00000,0x00000000edc00000,0x00000000edc00000)
  from space 2560K, 99% used [0x00000000ede80000,0x00000000ee0fb5b0,0x00000000ee100000)
  to   space 2560K, 0% used [0x00000000edc00000,0x00000000edc00000,0x00000000ede80000)
 ParOldGen       total 42496K, used 9439K [0x00000000c3600000, 0x00000000c5f80000, 0x00000000ebd00000)
  object space 42496K, 22% used [0x00000000c3600000,0x00000000c3f37e50,0x00000000c5f80000)
 Metaspace       used 11689K, capacity 11854K, committed 12160K, reserved 1060864K
  class space    used 1522K, capacity 1559K, committed 1664K, reserved 1048576K
Event: 1.715 GC heap after
Heap after GC invocations=5 (full 0):
 PSYoungGen      total 34304K, used 2545K [0x00000000ebd00000, 0x00000000f0e00000, 0x0000000100000000)
  eden space 31744K, 0% used [0x00000000ebd00000,0x00000000ebd00000,0x00000000edc00000)
  from space 2560K, 99% used [0x00000000edc00000,0x00000000ede7c620,0x00000000ede80000)
  to   space 9728K, 0% used [0x00000000f0480000,0x00000000f0480000,0x00000000f0e00000)
 ParOldGen       total 42496K, used 15405K [0x00000000c3600000, 0x00000000c5f80000, 0x00000000ebd00000)
  object space 42496K, 36% used [0x00000000c3600000,0x00000000c450b550,0x00000000c5f80000)
 Metaspace       used 11689K, capacity 11854K, committed 12160K, reserved 1060864K
  class space    used 1522K, capacity 1559K, committed 1664K, reserved 1048576K
}
Event: 2.355 GC heap before
{Heap before GC invocations=6 (full 0):
 PSYoungGen      total 34304K, used 34289K [0x00000000ebd00000, 0x00000000f0e00000, 0x0000000100000000)
  eden space 31744K, 100% used [0x00000000ebd00000,0x00000000edc00000,0x00000000edc00000)
  from space 2560K, 99% used [0x00000000edc00000,0x00000000ede7c620,0x00000000ede80000)
  to   space 9728K, 0% used [0x00000000f0480000,0x00000000f0480000,0x00000000f0e00000)
 ParOldGen       total 42496K, used 15405K [0x00000000c3600000, 0x00000000c5f80000, 0x00000000ebd00000)
  object space 42496K, 36% used [0x00000000c3600000,0x00000000c450b550,0x00000000c5f80000)
 Metaspace       used 15628K, capacity 15780K, committed 16000K, reserved 1062912K
  class space    used 2073K, capacity 2112K, committed 2176K, reserved 1048576K
Event: 2.366 GC heap after
Heap after GC invocations=6 (full 0):
 PSYoungGen      total 72192K, used 8593K [0x00000000ebd00000, 0x00000000f1000000, 0x0000000100000000)
  eden space 62464K, 0% used [0x00000000ebd00000,0x00000000ebd00000,0x00000000efa00000)
  from space 9728K, 88% used [0x00000000f0480000,0x00000000f0ce4438,0x00000000f0e00000)
  to   space 10752K, 0% used [0x00000000efa00000,0x00000000efa00000,0x00000000f0480000)
 ParOldGen       total 42496K, used 15413K [0x00000000c3600000, 0x00000000c5f80000, 0x00000000ebd00000)
  object space 42496K, 36% used [0x00000000c3600000,0x00000000c450d550,0x00000000c5f80000)
 Metaspace       used 15628K, capacity 15780K, committed 16000K, reserved 1062912K
  class space    used 2073K, capacity 2112K, committed 2176K, reserved 1048576K
}

